2022-08-08 00:06:17,569 WARN  [http-nio-8080-exec-1] org.springframework.web.servlet.PageNotFound:Request method 'POST' not supported
2022-08-08 00:06:17,587 WARN  [http-nio-8080-exec-1] org.springframework.web.servlet.mvc.method.annotation.ExceptionHandlerExceptionResolver:Resolved [org.springframework.web.HttpRequestMethodNotSupportedException: Request method 'POST' not supported]
2022-08-08 00:07:19,727 INFO  [SpringApplicationShutdownHook] org.springframework.orm.jpa.LocalContainerEntityManagerFactoryBean:Closing JPA EntityManagerFactory for persistence unit 'default'
2022-08-08 00:07:19,735 INFO  [SpringApplicationShutdownHook] com.zaxxer.hikari.HikariDataSource:HikariPool-1 - Shutdown initiated...
2022-08-08 00:07:19,737 INFO  [SpringApplicationShutdownHook] com.zaxxer.hikari.HikariDataSource:HikariPool-1 - Shutdown completed.
2022-08-08 00:12:52,144 INFO  [restartedMain] com.creditapplication.CreditApplicationSystemApplication:Starting CreditApplicationSystemApplication using Java 18.0.1.1 on Abdulsamet-MacBook-Pro.local with PID 67152 (/Users/abdulsametkaya/IdeaProjects/CreditApplicationSystem/target/classes started by abdulsametkaya in /Users/abdulsametkaya/IdeaProjects/CreditApplicationSystem)
2022-08-08 00:12:52,145 DEBUG [restartedMain] com.creditapplication.CreditApplicationSystemApplication:Running with Spring Boot v2.7.2, Spring v5.3.22
2022-08-08 00:12:52,145 INFO  [restartedMain] com.creditapplication.CreditApplicationSystemApplication:No active profile set, falling back to 1 default profile: "default"
2022-08-08 00:12:52,195 INFO  [restartedMain] org.springframework.boot.devtools.env.DevToolsPropertyDefaultsPostProcessor:Devtools property defaults active! Set 'spring.devtools.add-properties' to 'false' to disable
2022-08-08 00:12:52,195 INFO  [restartedMain] org.springframework.boot.devtools.env.DevToolsPropertyDefaultsPostProcessor:For additional web related logging consider setting the 'logging.level.web' property to 'DEBUG'
2022-08-08 00:12:53,066 INFO  [restartedMain] org.springframework.data.repository.config.RepositoryConfigurationDelegate:Bootstrapping Spring Data JPA repositories in DEFAULT mode.
2022-08-08 00:12:53,120 INFO  [restartedMain] org.springframework.data.repository.config.RepositoryConfigurationDelegate:Finished Spring Data repository scanning in 45 ms. Found 2 JPA repository interfaces.
2022-08-08 00:12:53,690 INFO  [restartedMain] org.springframework.boot.web.embedded.tomcat.TomcatWebServer:Tomcat initialized with port(s): 8080 (http)
2022-08-08 00:12:53,701 INFO  [restartedMain] org.apache.catalina.core.StandardService:Starting service [Tomcat]
2022-08-08 00:12:53,701 INFO  [restartedMain] org.apache.catalina.core.StandardEngine:Starting Servlet engine: [Apache Tomcat/9.0.65]
2022-08-08 00:12:53,751 INFO  [restartedMain] org.apache.catalina.core.ContainerBase.[Tomcat].[localhost].[/]:Initializing Spring embedded WebApplicationContext
2022-08-08 00:12:53,751 INFO  [restartedMain] org.springframework.boot.web.servlet.context.ServletWebServerApplicationContext:Root WebApplicationContext: initialization completed in 1555 ms
2022-08-08 00:12:54,031 INFO  [restartedMain] org.hibernate.jpa.internal.util.LogHelper:HHH000204: Processing PersistenceUnitInfo [name: default]
2022-08-08 00:12:54,108 INFO  [restartedMain] org.hibernate.Version:HHH000412: Hibernate ORM core version 5.6.10.Final
2022-08-08 00:12:54,296 INFO  [restartedMain] org.hibernate.annotations.common.Version:HCANN000001: Hibernate Commons Annotations {5.1.2.Final}
2022-08-08 00:12:54,408 INFO  [restartedMain] com.zaxxer.hikari.HikariDataSource:HikariPool-1 - Starting...
2022-08-08 00:12:54,603 INFO  [restartedMain] com.zaxxer.hikari.HikariDataSource:HikariPool-1 - Start completed.
2022-08-08 00:12:54,620 INFO  [restartedMain] org.hibernate.dialect.Dialect:HHH000400: Using dialect: org.hibernate.dialect.PostgreSQLDialect
2022-08-08 00:12:55,229 INFO  [restartedMain] org.hibernate.engine.transaction.jta.platform.internal.JtaPlatformInitiator:HHH000490: Using JtaPlatform implementation: [org.hibernate.engine.transaction.jta.platform.internal.NoJtaPlatform]
2022-08-08 00:12:55,240 INFO  [restartedMain] org.springframework.orm.jpa.LocalContainerEntityManagerFactoryBean:Initialized JPA EntityManagerFactory for persistence unit 'default'
2022-08-08 00:12:55,727 WARN  [restartedMain] org.springframework.boot.autoconfigure.orm.jpa.JpaBaseConfiguration$JpaWebConfiguration:spring.jpa.open-in-view is enabled by default. Therefore, database queries may be performed during view rendering. Explicitly configure spring.jpa.open-in-view to disable this warning
2022-08-08 00:12:55,798 DEBUG [restartedMain] com.creditapplication.security.jwt.AuthTokenFilter:Filter 'authJwtTokenFilter' configured for use
2022-08-08 00:12:56,066 INFO  [restartedMain] org.springframework.security.web.DefaultSecurityFilterChain:Will secure any request with [org.springframework.security.web.session.DisableEncodeUrlFilter@129cce5b, org.springframework.security.web.context.request.async.WebAsyncManagerIntegrationFilter@2a31812b, org.springframework.security.web.context.SecurityContextPersistenceFilter@7e7cf147, org.springframework.security.web.header.HeaderWriterFilter@607ddb92, org.springframework.security.web.authentication.logout.LogoutFilter@4de22df9, com.creditapplication.security.jwt.AuthTokenFilter@89af823, org.springframework.security.web.savedrequest.RequestCacheAwareFilter@1e2b8dee, org.springframework.security.web.servletapi.SecurityContextHolderAwareRequestFilter@c739bf6, org.springframework.security.web.authentication.AnonymousAuthenticationFilter@4f676432, org.springframework.security.web.session.SessionManagementFilter@6e5ae526, org.springframework.security.web.access.ExceptionTranslationFilter@45c39617, org.springframework.security.web.access.intercept.FilterSecurityInterceptor@427dacda]
2022-08-08 00:12:56,643 INFO  [restartedMain] org.springframework.boot.devtools.autoconfigure.OptionalLiveReloadServer:LiveReload server is running on port 35729
2022-08-08 00:12:56,653 INFO  [restartedMain] org.springframework.boot.actuate.endpoint.web.EndpointLinksResolver:Exposing 1 endpoint(s) beneath base path '/actuator'
2022-08-08 00:12:56,715 INFO  [restartedMain] org.springframework.boot.web.embedded.tomcat.TomcatWebServer:Tomcat started on port(s): 8080 (http) with context path ''
2022-08-08 00:12:56,730 INFO  [restartedMain] com.creditapplication.CreditApplicationSystemApplication:Started CreditApplicationSystemApplication in 4.974 seconds (JVM running for 5.623)
2022-08-08 00:12:56,808 INFO  [RMI TCP Connection(1)-127.0.0.1] org.apache.catalina.core.ContainerBase.[Tomcat].[localhost].[/]:Initializing Spring DispatcherServlet 'dispatcherServlet'
2022-08-08 00:12:56,809 INFO  [RMI TCP Connection(1)-127.0.0.1] org.springframework.web.servlet.DispatcherServlet:Initializing Servlet 'dispatcherServlet'
2022-08-08 00:12:56,810 INFO  [RMI TCP Connection(1)-127.0.0.1] org.springframework.web.servlet.DispatcherServlet:Completed initialization in 1 ms
2022-08-08 00:13:08,746 WARN  [http-nio-8080-exec-2] org.springframework.web.servlet.PageNotFound:Request method 'POST' not supported
2022-08-08 00:13:08,756 WARN  [http-nio-8080-exec-2] org.springframework.web.servlet.mvc.method.annotation.ExceptionHandlerExceptionResolver:Resolved [org.springframework.web.HttpRequestMethodNotSupportedException: Request method 'POST' not supported]
2022-08-08 00:21:55,205 INFO  [SpringApplicationShutdownHook] org.springframework.orm.jpa.LocalContainerEntityManagerFactoryBean:Closing JPA EntityManagerFactory for persistence unit 'default'
2022-08-08 00:21:55,225 INFO  [SpringApplicationShutdownHook] com.zaxxer.hikari.HikariDataSource:HikariPool-1 - Shutdown initiated...
2022-08-08 00:21:55,231 INFO  [SpringApplicationShutdownHook] com.zaxxer.hikari.HikariDataSource:HikariPool-1 - Shutdown completed.
2022-08-08 00:24:45,796 INFO  [restartedMain] com.creditapplication.CreditApplicationSystemApplication:Starting CreditApplicationSystemApplication using Java 18.0.1.1 on Abdulsamet-MacBook-Pro.local with PID 67313 (/Users/abdulsametkaya/IdeaProjects/CreditApplicationSystem/target/classes started by abdulsametkaya in /Users/abdulsametkaya/IdeaProjects/CreditApplicationSystem)
2022-08-08 00:24:45,797 DEBUG [restartedMain] com.creditapplication.CreditApplicationSystemApplication:Running with Spring Boot v2.7.2, Spring v5.3.22
2022-08-08 00:24:45,798 INFO  [restartedMain] com.creditapplication.CreditApplicationSystemApplication:No active profile set, falling back to 1 default profile: "default"
2022-08-08 00:24:45,856 INFO  [restartedMain] org.springframework.boot.devtools.env.DevToolsPropertyDefaultsPostProcessor:Devtools property defaults active! Set 'spring.devtools.add-properties' to 'false' to disable
2022-08-08 00:24:45,857 INFO  [restartedMain] org.springframework.boot.devtools.env.DevToolsPropertyDefaultsPostProcessor:For additional web related logging consider setting the 'logging.level.web' property to 'DEBUG'
2022-08-08 00:24:46,752 INFO  [restartedMain] org.springframework.data.repository.config.RepositoryConfigurationDelegate:Bootstrapping Spring Data JPA repositories in DEFAULT mode.
2022-08-08 00:24:46,806 INFO  [restartedMain] org.springframework.data.repository.config.RepositoryConfigurationDelegate:Finished Spring Data repository scanning in 44 ms. Found 2 JPA repository interfaces.
2022-08-08 00:24:47,434 INFO  [restartedMain] org.springframework.boot.web.embedded.tomcat.TomcatWebServer:Tomcat initialized with port(s): 8080 (http)
2022-08-08 00:24:47,445 INFO  [restartedMain] org.apache.catalina.core.StandardService:Starting service [Tomcat]
2022-08-08 00:24:47,445 INFO  [restartedMain] org.apache.catalina.core.StandardEngine:Starting Servlet engine: [Apache Tomcat/9.0.65]
2022-08-08 00:24:47,499 INFO  [restartedMain] org.apache.catalina.core.ContainerBase.[Tomcat].[localhost].[/]:Initializing Spring embedded WebApplicationContext
2022-08-08 00:24:47,499 INFO  [restartedMain] org.springframework.boot.web.servlet.context.ServletWebServerApplicationContext:Root WebApplicationContext: initialization completed in 1641 ms
2022-08-08 00:24:47,784 INFO  [restartedMain] org.hibernate.jpa.internal.util.LogHelper:HHH000204: Processing PersistenceUnitInfo [name: default]
2022-08-08 00:24:47,837 INFO  [restartedMain] org.hibernate.Version:HHH000412: Hibernate ORM core version 5.6.10.Final
2022-08-08 00:24:47,983 INFO  [restartedMain] org.hibernate.annotations.common.Version:HCANN000001: Hibernate Commons Annotations {5.1.2.Final}
2022-08-08 00:24:48,082 INFO  [restartedMain] com.zaxxer.hikari.HikariDataSource:HikariPool-1 - Starting...
2022-08-08 00:24:48,218 INFO  [restartedMain] com.zaxxer.hikari.HikariDataSource:HikariPool-1 - Start completed.
2022-08-08 00:24:48,238 INFO  [restartedMain] org.hibernate.dialect.Dialect:HHH000400: Using dialect: org.hibernate.dialect.PostgreSQLDialect
2022-08-08 00:24:48,810 INFO  [restartedMain] org.hibernate.engine.transaction.jta.platform.internal.JtaPlatformInitiator:HHH000490: Using JtaPlatform implementation: [org.hibernate.engine.transaction.jta.platform.internal.NoJtaPlatform]
2022-08-08 00:24:48,820 INFO  [restartedMain] org.springframework.orm.jpa.LocalContainerEntityManagerFactoryBean:Initialized JPA EntityManagerFactory for persistence unit 'default'
2022-08-08 00:24:49,278 WARN  [restartedMain] org.springframework.boot.autoconfigure.orm.jpa.JpaBaseConfiguration$JpaWebConfiguration:spring.jpa.open-in-view is enabled by default. Therefore, database queries may be performed during view rendering. Explicitly configure spring.jpa.open-in-view to disable this warning
2022-08-08 00:24:49,356 DEBUG [restartedMain] com.creditapplication.security.jwt.AuthTokenFilter:Filter 'authJwtTokenFilter' configured for use
2022-08-08 00:24:49,605 INFO  [restartedMain] org.springframework.security.web.DefaultSecurityFilterChain:Will secure any request with [org.springframework.security.web.session.DisableEncodeUrlFilter@11ab72af, org.springframework.security.web.context.request.async.WebAsyncManagerIntegrationFilter@3a74aa24, org.springframework.security.web.context.SecurityContextPersistenceFilter@28dbaf62, org.springframework.security.web.header.HeaderWriterFilter@2e5bea0e, org.springframework.security.web.authentication.logout.LogoutFilter@412a14e1, com.creditapplication.security.jwt.AuthTokenFilter@3806f559, org.springframework.security.web.savedrequest.RequestCacheAwareFilter@675559ae, org.springframework.security.web.servletapi.SecurityContextHolderAwareRequestFilter@4736487b, org.springframework.security.web.authentication.AnonymousAuthenticationFilter@64ec6e, org.springframework.security.web.session.SessionManagementFilter@17aa3334, org.springframework.security.web.access.ExceptionTranslationFilter@27e6b7b3, org.springframework.security.web.access.intercept.FilterSecurityInterceptor@68c9fc6a]
2022-08-08 00:24:50,139 INFO  [restartedMain] org.springframework.boot.devtools.autoconfigure.OptionalLiveReloadServer:LiveReload server is running on port 35729
2022-08-08 00:24:50,146 INFO  [restartedMain] org.springframework.boot.actuate.endpoint.web.EndpointLinksResolver:Exposing 1 endpoint(s) beneath base path '/actuator'
2022-08-08 00:24:50,194 INFO  [restartedMain] org.springframework.boot.web.embedded.tomcat.TomcatWebServer:Tomcat started on port(s): 8080 (http) with context path ''
2022-08-08 00:24:50,209 INFO  [restartedMain] com.creditapplication.CreditApplicationSystemApplication:Started CreditApplicationSystemApplication in 4.744 seconds (JVM running for 5.44)
2022-08-08 00:24:50,618 INFO  [RMI TCP Connection(2)-127.0.0.1] org.apache.catalina.core.ContainerBase.[Tomcat].[localhost].[/]:Initializing Spring DispatcherServlet 'dispatcherServlet'
2022-08-08 00:24:50,618 INFO  [RMI TCP Connection(2)-127.0.0.1] org.springframework.web.servlet.DispatcherServlet:Initializing Servlet 'dispatcherServlet'
2022-08-08 00:24:50,619 INFO  [RMI TCP Connection(2)-127.0.0.1] org.springframework.web.servlet.DispatcherServlet:Completed initialization in 1 ms
2022-08-08 00:28:20,286 WARN  [http-nio-8080-exec-5] org.springframework.web.servlet.PageNotFound:Request method 'POST' not supported
2022-08-08 00:28:20,296 WARN  [http-nio-8080-exec-5] org.springframework.web.servlet.mvc.method.annotation.ExceptionHandlerExceptionResolver:Resolved [org.springframework.web.HttpRequestMethodNotSupportedException: Request method 'POST' not supported]
2022-08-08 00:29:00,703 WARN  [http-nio-8080-exec-6] org.springframework.web.servlet.PageNotFound:Request method 'POST' not supported
2022-08-08 00:29:00,705 WARN  [http-nio-8080-exec-6] org.springframework.web.servlet.mvc.method.annotation.ExceptionHandlerExceptionResolver:Resolved [org.springframework.web.HttpRequestMethodNotSupportedException: Request method 'POST' not supported]
2022-08-08 00:29:03,192 INFO  [SpringApplicationShutdownHook] org.springframework.orm.jpa.LocalContainerEntityManagerFactoryBean:Closing JPA EntityManagerFactory for persistence unit 'default'
2022-08-08 00:29:03,208 INFO  [SpringApplicationShutdownHook] com.zaxxer.hikari.HikariDataSource:HikariPool-1 - Shutdown initiated...
2022-08-08 00:29:03,212 INFO  [SpringApplicationShutdownHook] com.zaxxer.hikari.HikariDataSource:HikariPool-1 - Shutdown completed.
2022-08-08 00:29:07,561 INFO  [restartedMain] com.creditapplication.CreditApplicationSystemApplication:Starting CreditApplicationSystemApplication using Java 18.0.1.1 on Abdulsamet-MacBook-Pro.local with PID 67362 (/Users/abdulsametkaya/IdeaProjects/CreditApplicationSystem/target/classes started by abdulsametkaya in /Users/abdulsametkaya/IdeaProjects/CreditApplicationSystem)
2022-08-08 00:29:07,561 DEBUG [restartedMain] com.creditapplication.CreditApplicationSystemApplication:Running with Spring Boot v2.7.2, Spring v5.3.22
2022-08-08 00:29:07,562 INFO  [restartedMain] com.creditapplication.CreditApplicationSystemApplication:No active profile set, falling back to 1 default profile: "default"
2022-08-08 00:29:07,603 INFO  [restartedMain] org.springframework.boot.devtools.env.DevToolsPropertyDefaultsPostProcessor:Devtools property defaults active! Set 'spring.devtools.add-properties' to 'false' to disable
2022-08-08 00:29:07,604 INFO  [restartedMain] org.springframework.boot.devtools.env.DevToolsPropertyDefaultsPostProcessor:For additional web related logging consider setting the 'logging.level.web' property to 'DEBUG'
2022-08-08 00:29:08,405 INFO  [restartedMain] org.springframework.data.repository.config.RepositoryConfigurationDelegate:Bootstrapping Spring Data JPA repositories in DEFAULT mode.
2022-08-08 00:29:08,462 INFO  [restartedMain] org.springframework.data.repository.config.RepositoryConfigurationDelegate:Finished Spring Data repository scanning in 48 ms. Found 2 JPA repository interfaces.
2022-08-08 00:29:09,048 INFO  [restartedMain] org.springframework.boot.web.embedded.tomcat.TomcatWebServer:Tomcat initialized with port(s): 8080 (http)
2022-08-08 00:29:09,057 INFO  [restartedMain] org.apache.catalina.core.StandardService:Starting service [Tomcat]
2022-08-08 00:29:09,058 INFO  [restartedMain] org.apache.catalina.core.StandardEngine:Starting Servlet engine: [Apache Tomcat/9.0.65]
2022-08-08 00:29:09,115 INFO  [restartedMain] org.apache.catalina.core.ContainerBase.[Tomcat].[localhost].[/]:Initializing Spring embedded WebApplicationContext
2022-08-08 00:29:09,115 INFO  [restartedMain] org.springframework.boot.web.servlet.context.ServletWebServerApplicationContext:Root WebApplicationContext: initialization completed in 1511 ms
2022-08-08 00:29:09,368 INFO  [restartedMain] org.hibernate.jpa.internal.util.LogHelper:HHH000204: Processing PersistenceUnitInfo [name: default]
2022-08-08 00:29:09,423 INFO  [restartedMain] org.hibernate.Version:HHH000412: Hibernate ORM core version 5.6.10.Final
2022-08-08 00:29:09,595 INFO  [restartedMain] org.hibernate.annotations.common.Version:HCANN000001: Hibernate Commons Annotations {5.1.2.Final}
2022-08-08 00:29:09,687 INFO  [restartedMain] com.zaxxer.hikari.HikariDataSource:HikariPool-1 - Starting...
2022-08-08 00:29:09,831 INFO  [restartedMain] com.zaxxer.hikari.HikariDataSource:HikariPool-1 - Start completed.
2022-08-08 00:29:09,846 INFO  [restartedMain] org.hibernate.dialect.Dialect:HHH000400: Using dialect: org.hibernate.dialect.PostgreSQLDialect
2022-08-08 00:29:10,463 INFO  [restartedMain] org.hibernate.engine.transaction.jta.platform.internal.JtaPlatformInitiator:HHH000490: Using JtaPlatform implementation: [org.hibernate.engine.transaction.jta.platform.internal.NoJtaPlatform]
2022-08-08 00:29:10,474 INFO  [restartedMain] org.springframework.orm.jpa.LocalContainerEntityManagerFactoryBean:Initialized JPA EntityManagerFactory for persistence unit 'default'
2022-08-08 00:29:10,894 WARN  [restartedMain] org.springframework.boot.autoconfigure.orm.jpa.JpaBaseConfiguration$JpaWebConfiguration:spring.jpa.open-in-view is enabled by default. Therefore, database queries may be performed during view rendering. Explicitly configure spring.jpa.open-in-view to disable this warning
2022-08-08 00:29:10,958 DEBUG [restartedMain] com.creditapplication.security.jwt.AuthTokenFilter:Filter 'authJwtTokenFilter' configured for use
2022-08-08 00:29:11,200 INFO  [restartedMain] org.springframework.security.web.DefaultSecurityFilterChain:Will secure any request with [org.springframework.security.web.session.DisableEncodeUrlFilter@354ca7a1, org.springframework.security.web.context.request.async.WebAsyncManagerIntegrationFilter@13d83324, org.springframework.security.web.context.SecurityContextPersistenceFilter@9ad9668, org.springframework.security.web.header.HeaderWriterFilter@fee2cdf, org.springframework.security.web.authentication.logout.LogoutFilter@66faf3, com.creditapplication.security.jwt.AuthTokenFilter@5f822cc, org.springframework.security.web.savedrequest.RequestCacheAwareFilter@67d4d56d, org.springframework.security.web.servletapi.SecurityContextHolderAwareRequestFilter@34b2be42, org.springframework.security.web.authentication.AnonymousAuthenticationFilter@f756005, org.springframework.security.web.session.SessionManagementFilter@56c6269d, org.springframework.security.web.access.ExceptionTranslationFilter@114b96e7, org.springframework.security.web.access.intercept.FilterSecurityInterceptor@36bf338f]
2022-08-08 00:29:11,719 INFO  [restartedMain] org.springframework.boot.devtools.autoconfigure.OptionalLiveReloadServer:LiveReload server is running on port 35729
2022-08-08 00:29:11,725 INFO  [restartedMain] org.springframework.boot.actuate.endpoint.web.EndpointLinksResolver:Exposing 1 endpoint(s) beneath base path '/actuator'
2022-08-08 00:29:11,780 INFO  [restartedMain] org.springframework.boot.web.embedded.tomcat.TomcatWebServer:Tomcat started on port(s): 8080 (http) with context path ''
2022-08-08 00:29:11,794 INFO  [restartedMain] com.creditapplication.CreditApplicationSystemApplication:Started CreditApplicationSystemApplication in 4.538 seconds (JVM running for 5.215)
2022-08-08 00:29:12,180 INFO  [RMI TCP Connection(2)-127.0.0.1] org.apache.catalina.core.ContainerBase.[Tomcat].[localhost].[/]:Initializing Spring DispatcherServlet 'dispatcherServlet'
2022-08-08 00:29:12,180 INFO  [RMI TCP Connection(2)-127.0.0.1] org.springframework.web.servlet.DispatcherServlet:Initializing Servlet 'dispatcherServlet'
2022-08-08 00:29:12,182 INFO  [RMI TCP Connection(2)-127.0.0.1] org.springframework.web.servlet.DispatcherServlet:Completed initialization in 1 ms
2022-08-08 00:29:16,109 WARN  [http-nio-8080-exec-2] org.springframework.web.servlet.PageNotFound:Request method 'POST' not supported
2022-08-08 00:29:16,119 WARN  [http-nio-8080-exec-2] org.springframework.web.servlet.mvc.method.annotation.ExceptionHandlerExceptionResolver:Resolved [org.springframework.web.HttpRequestMethodNotSupportedException: Request method 'POST' not supported]
2022-08-08 00:34:44,164 INFO  [SpringApplicationShutdownHook] org.springframework.orm.jpa.LocalContainerEntityManagerFactoryBean:Closing JPA EntityManagerFactory for persistence unit 'default'
2022-08-08 00:34:44,180 INFO  [SpringApplicationShutdownHook] com.zaxxer.hikari.HikariDataSource:HikariPool-1 - Shutdown initiated...
2022-08-08 00:34:44,184 INFO  [SpringApplicationShutdownHook] com.zaxxer.hikari.HikariDataSource:HikariPool-1 - Shutdown completed.
2022-08-08 00:39:51,827 INFO  [restartedMain] com.creditapplication.CreditApplicationSystemApplication:Starting CreditApplicationSystemApplication using Java 18.0.1.1 on Abdulsamet-MacBook-Pro.local with PID 67548 (/Users/abdulsametkaya/IdeaProjects/CreditApplicationSystem/target/classes started by abdulsametkaya in /Users/abdulsametkaya/IdeaProjects/CreditApplicationSystem)
2022-08-08 00:39:51,828 DEBUG [restartedMain] com.creditapplication.CreditApplicationSystemApplication:Running with Spring Boot v2.7.2, Spring v5.3.22
2022-08-08 00:39:51,829 INFO  [restartedMain] com.creditapplication.CreditApplicationSystemApplication:No active profile set, falling back to 1 default profile: "default"
2022-08-08 00:39:51,886 INFO  [restartedMain] org.springframework.boot.devtools.env.DevToolsPropertyDefaultsPostProcessor:Devtools property defaults active! Set 'spring.devtools.add-properties' to 'false' to disable
2022-08-08 00:39:51,886 INFO  [restartedMain] org.springframework.boot.devtools.env.DevToolsPropertyDefaultsPostProcessor:For additional web related logging consider setting the 'logging.level.web' property to 'DEBUG'
2022-08-08 00:39:52,831 INFO  [restartedMain] org.springframework.data.repository.config.RepositoryConfigurationDelegate:Bootstrapping Spring Data JPA repositories in DEFAULT mode.
2022-08-08 00:39:52,888 INFO  [restartedMain] org.springframework.data.repository.config.RepositoryConfigurationDelegate:Finished Spring Data repository scanning in 46 ms. Found 2 JPA repository interfaces.
2022-08-08 00:39:53,481 INFO  [restartedMain] org.springframework.boot.web.embedded.tomcat.TomcatWebServer:Tomcat initialized with port(s): 8080 (http)
2022-08-08 00:39:53,489 INFO  [restartedMain] org.apache.catalina.core.StandardService:Starting service [Tomcat]
2022-08-08 00:39:53,489 INFO  [restartedMain] org.apache.catalina.core.StandardEngine:Starting Servlet engine: [Apache Tomcat/9.0.65]
2022-08-08 00:39:53,538 INFO  [restartedMain] org.apache.catalina.core.ContainerBase.[Tomcat].[localhost].[/]:Initializing Spring embedded WebApplicationContext
2022-08-08 00:39:53,539 INFO  [restartedMain] org.springframework.boot.web.servlet.context.ServletWebServerApplicationContext:Root WebApplicationContext: initialization completed in 1651 ms
2022-08-08 00:39:53,799 INFO  [restartedMain] org.hibernate.jpa.internal.util.LogHelper:HHH000204: Processing PersistenceUnitInfo [name: default]
2022-08-08 00:39:53,856 INFO  [restartedMain] org.hibernate.Version:HHH000412: Hibernate ORM core version 5.6.10.Final
2022-08-08 00:39:54,013 INFO  [restartedMain] org.hibernate.annotations.common.Version:HCANN000001: Hibernate Commons Annotations {5.1.2.Final}
2022-08-08 00:39:54,112 INFO  [restartedMain] com.zaxxer.hikari.HikariDataSource:HikariPool-1 - Starting...
2022-08-08 00:39:54,344 INFO  [restartedMain] com.zaxxer.hikari.HikariDataSource:HikariPool-1 - Start completed.
2022-08-08 00:39:54,367 INFO  [restartedMain] org.hibernate.dialect.Dialect:HHH000400: Using dialect: org.hibernate.dialect.PostgreSQLDialect
2022-08-08 00:39:55,099 INFO  [restartedMain] org.hibernate.engine.transaction.jta.platform.internal.JtaPlatformInitiator:HHH000490: Using JtaPlatform implementation: [org.hibernate.engine.transaction.jta.platform.internal.NoJtaPlatform]
2022-08-08 00:39:55,108 INFO  [restartedMain] org.springframework.orm.jpa.LocalContainerEntityManagerFactoryBean:Initialized JPA EntityManagerFactory for persistence unit 'default'
2022-08-08 00:39:55,486 WARN  [restartedMain] org.springframework.boot.autoconfigure.orm.jpa.JpaBaseConfiguration$JpaWebConfiguration:spring.jpa.open-in-view is enabled by default. Therefore, database queries may be performed during view rendering. Explicitly configure spring.jpa.open-in-view to disable this warning
2022-08-08 00:39:55,547 DEBUG [restartedMain] com.creditapplication.security.jwt.AuthTokenFilter:Filter 'authJwtTokenFilter' configured for use
2022-08-08 00:39:55,756 INFO  [restartedMain] org.springframework.security.web.DefaultSecurityFilterChain:Will secure any request with [org.springframework.security.web.session.DisableEncodeUrlFilter@37b20254, org.springframework.security.web.context.request.async.WebAsyncManagerIntegrationFilter@3a19aeef, org.springframework.security.web.context.SecurityContextPersistenceFilter@785ae3f4, org.springframework.security.web.header.HeaderWriterFilter@a087f80, org.springframework.security.web.authentication.logout.LogoutFilter@4760c4fb, com.creditapplication.security.jwt.AuthTokenFilter@15cb5229, org.springframework.security.web.savedrequest.RequestCacheAwareFilter@7f207285, org.springframework.security.web.servletapi.SecurityContextHolderAwareRequestFilter@3f5eda82, org.springframework.security.web.authentication.AnonymousAuthenticationFilter@177e24bc, org.springframework.security.web.session.SessionManagementFilter@38b77ab7, org.springframework.security.web.access.ExceptionTranslationFilter@54401a2f, org.springframework.security.web.access.intercept.FilterSecurityInterceptor@15d35d9]
2022-08-08 00:39:56,236 INFO  [restartedMain] org.springframework.boot.devtools.autoconfigure.OptionalLiveReloadServer:LiveReload server is running on port 35729
2022-08-08 00:39:56,243 INFO  [restartedMain] org.springframework.boot.actuate.endpoint.web.EndpointLinksResolver:Exposing 1 endpoint(s) beneath base path '/actuator'
2022-08-08 00:39:56,290 INFO  [restartedMain] org.springframework.boot.web.embedded.tomcat.TomcatWebServer:Tomcat started on port(s): 8080 (http) with context path ''
2022-08-08 00:39:56,307 INFO  [restartedMain] com.creditapplication.CreditApplicationSystemApplication:Started CreditApplicationSystemApplication in 4.878 seconds (JVM running for 5.602)
2022-08-08 00:39:56,611 INFO  [RMI TCP Connection(3)-127.0.0.1] org.apache.catalina.core.ContainerBase.[Tomcat].[localhost].[/]:Initializing Spring DispatcherServlet 'dispatcherServlet'
2022-08-08 00:39:56,611 INFO  [RMI TCP Connection(3)-127.0.0.1] org.springframework.web.servlet.DispatcherServlet:Initializing Servlet 'dispatcherServlet'
2022-08-08 00:39:56,612 INFO  [RMI TCP Connection(3)-127.0.0.1] org.springframework.web.servlet.DispatcherServlet:Completed initialization in 1 ms
2022-08-08 00:41:34,874 INFO  [SpringApplicationShutdownHook] org.springframework.orm.jpa.LocalContainerEntityManagerFactoryBean:Closing JPA EntityManagerFactory for persistence unit 'default'
2022-08-08 00:41:34,888 INFO  [SpringApplicationShutdownHook] com.zaxxer.hikari.HikariDataSource:HikariPool-1 - Shutdown initiated...
2022-08-08 00:41:34,891 INFO  [SpringApplicationShutdownHook] com.zaxxer.hikari.HikariDataSource:HikariPool-1 - Shutdown completed.
2022-08-08 00:41:40,208 INFO  [restartedMain] com.creditapplication.CreditApplicationSystemApplication:Starting CreditApplicationSystemApplication using Java 18.0.1.1 on Abdulsamet-MacBook-Pro.local with PID 67599 (/Users/abdulsametkaya/IdeaProjects/CreditApplicationSystem/target/classes started by abdulsametkaya in /Users/abdulsametkaya/IdeaProjects/CreditApplicationSystem)
2022-08-08 00:41:40,208 DEBUG [restartedMain] com.creditapplication.CreditApplicationSystemApplication:Running with Spring Boot v2.7.2, Spring v5.3.22
2022-08-08 00:41:40,209 INFO  [restartedMain] com.creditapplication.CreditApplicationSystemApplication:No active profile set, falling back to 1 default profile: "default"
2022-08-08 00:41:40,254 INFO  [restartedMain] org.springframework.boot.devtools.env.DevToolsPropertyDefaultsPostProcessor:Devtools property defaults active! Set 'spring.devtools.add-properties' to 'false' to disable
2022-08-08 00:41:40,254 INFO  [restartedMain] org.springframework.boot.devtools.env.DevToolsPropertyDefaultsPostProcessor:For additional web related logging consider setting the 'logging.level.web' property to 'DEBUG'
2022-08-08 00:41:41,084 INFO  [restartedMain] org.springframework.data.repository.config.RepositoryConfigurationDelegate:Bootstrapping Spring Data JPA repositories in DEFAULT mode.
2022-08-08 00:41:41,145 INFO  [restartedMain] org.springframework.data.repository.config.RepositoryConfigurationDelegate:Finished Spring Data repository scanning in 52 ms. Found 2 JPA repository interfaces.
2022-08-08 00:41:41,704 INFO  [restartedMain] org.springframework.boot.web.embedded.tomcat.TomcatWebServer:Tomcat initialized with port(s): 8080 (http)
2022-08-08 00:41:41,713 INFO  [restartedMain] org.apache.catalina.core.StandardService:Starting service [Tomcat]
2022-08-08 00:41:41,713 INFO  [restartedMain] org.apache.catalina.core.StandardEngine:Starting Servlet engine: [Apache Tomcat/9.0.65]
2022-08-08 00:41:41,764 INFO  [restartedMain] org.apache.catalina.core.ContainerBase.[Tomcat].[localhost].[/]:Initializing Spring embedded WebApplicationContext
2022-08-08 00:41:41,765 INFO  [restartedMain] org.springframework.boot.web.servlet.context.ServletWebServerApplicationContext:Root WebApplicationContext: initialization completed in 1510 ms
2022-08-08 00:41:42,014 INFO  [restartedMain] org.hibernate.jpa.internal.util.LogHelper:HHH000204: Processing PersistenceUnitInfo [name: default]
2022-08-08 00:41:42,069 INFO  [restartedMain] org.hibernate.Version:HHH000412: Hibernate ORM core version 5.6.10.Final
2022-08-08 00:41:42,263 INFO  [restartedMain] org.hibernate.annotations.common.Version:HCANN000001: Hibernate Commons Annotations {5.1.2.Final}
2022-08-08 00:41:42,341 INFO  [restartedMain] com.zaxxer.hikari.HikariDataSource:HikariPool-1 - Starting...
2022-08-08 00:41:42,476 INFO  [restartedMain] com.zaxxer.hikari.HikariDataSource:HikariPool-1 - Start completed.
2022-08-08 00:41:42,502 INFO  [restartedMain] org.hibernate.dialect.Dialect:HHH000400: Using dialect: org.hibernate.dialect.PostgreSQLDialect
2022-08-08 00:41:43,037 INFO  [restartedMain] org.hibernate.engine.transaction.jta.platform.internal.JtaPlatformInitiator:HHH000490: Using JtaPlatform implementation: [org.hibernate.engine.transaction.jta.platform.internal.NoJtaPlatform]
2022-08-08 00:41:43,047 INFO  [restartedMain] org.springframework.orm.jpa.LocalContainerEntityManagerFactoryBean:Initialized JPA EntityManagerFactory for persistence unit 'default'
2022-08-08 00:41:43,453 WARN  [restartedMain] org.springframework.boot.autoconfigure.orm.jpa.JpaBaseConfiguration$JpaWebConfiguration:spring.jpa.open-in-view is enabled by default. Therefore, database queries may be performed during view rendering. Explicitly configure spring.jpa.open-in-view to disable this warning
2022-08-08 00:41:43,514 DEBUG [restartedMain] com.creditapplication.security.jwt.AuthTokenFilter:Filter 'authJwtTokenFilter' configured for use
2022-08-08 00:41:43,743 INFO  [restartedMain] org.springframework.security.web.DefaultSecurityFilterChain:Will secure any request with [org.springframework.security.web.session.DisableEncodeUrlFilter@7b5e27a3, org.springframework.security.web.context.request.async.WebAsyncManagerIntegrationFilter@34b2400c, org.springframework.security.web.context.SecurityContextPersistenceFilter@ab9d4e6, org.springframework.security.web.header.HeaderWriterFilter@f21732d, org.springframework.security.web.authentication.logout.LogoutFilter@50329bcf, com.creditapplication.security.jwt.AuthTokenFilter@3e93853c, org.springframework.security.web.savedrequest.RequestCacheAwareFilter@41ee004c, org.springframework.security.web.servletapi.SecurityContextHolderAwareRequestFilter@6889d7d4, org.springframework.security.web.authentication.AnonymousAuthenticationFilter@3d3430ba, org.springframework.security.web.session.SessionManagementFilter@4dd327c4, org.springframework.security.web.access.ExceptionTranslationFilter@3b17fb6a, org.springframework.security.web.access.intercept.FilterSecurityInterceptor@71075e84]
2022-08-08 00:41:44,207 INFO  [restartedMain] org.springframework.boot.devtools.autoconfigure.OptionalLiveReloadServer:LiveReload server is running on port 35729
2022-08-08 00:41:44,213 INFO  [restartedMain] org.springframework.boot.actuate.endpoint.web.EndpointLinksResolver:Exposing 1 endpoint(s) beneath base path '/actuator'
2022-08-08 00:41:44,258 INFO  [restartedMain] org.springframework.boot.web.embedded.tomcat.TomcatWebServer:Tomcat started on port(s): 8080 (http) with context path ''
2022-08-08 00:41:44,272 INFO  [restartedMain] com.creditapplication.CreditApplicationSystemApplication:Started CreditApplicationSystemApplication in 4.389 seconds (JVM running for 4.85)
2022-08-08 00:41:44,644 INFO  [RMI TCP Connection(2)-127.0.0.1] org.apache.catalina.core.ContainerBase.[Tomcat].[localhost].[/]:Initializing Spring DispatcherServlet 'dispatcherServlet'
2022-08-08 00:41:44,645 INFO  [RMI TCP Connection(2)-127.0.0.1] org.springframework.web.servlet.DispatcherServlet:Initializing Servlet 'dispatcherServlet'
2022-08-08 00:41:44,646 INFO  [RMI TCP Connection(2)-127.0.0.1] org.springframework.web.servlet.DispatcherServlet:Completed initialization in 1 ms
2022-08-08 00:44:07,112 INFO  [SpringApplicationShutdownHook] org.springframework.orm.jpa.LocalContainerEntityManagerFactoryBean:Closing JPA EntityManagerFactory for persistence unit 'default'
2022-08-08 00:44:07,118 INFO  [SpringApplicationShutdownHook] com.zaxxer.hikari.HikariDataSource:HikariPool-1 - Shutdown initiated...
2022-08-08 00:44:07,120 INFO  [SpringApplicationShutdownHook] com.zaxxer.hikari.HikariDataSource:HikariPool-1 - Shutdown completed.
2022-08-08 00:49:46,686 INFO  [restartedMain] com.creditapplication.CreditApplicationSystemApplication:Starting CreditApplicationSystemApplication using Java 18.0.1.1 on Abdulsamet-MacBook-Pro.local with PID 67732 (/Users/abdulsametkaya/IdeaProjects/CreditApplicationSystem/target/classes started by abdulsametkaya in /Users/abdulsametkaya/IdeaProjects/CreditApplicationSystem)
2022-08-08 00:49:46,688 DEBUG [restartedMain] com.creditapplication.CreditApplicationSystemApplication:Running with Spring Boot v2.7.2, Spring v5.3.22
2022-08-08 00:49:46,688 INFO  [restartedMain] com.creditapplication.CreditApplicationSystemApplication:No active profile set, falling back to 1 default profile: "default"
2022-08-08 00:49:46,741 INFO  [restartedMain] org.springframework.boot.devtools.env.DevToolsPropertyDefaultsPostProcessor:Devtools property defaults active! Set 'spring.devtools.add-properties' to 'false' to disable
2022-08-08 00:49:46,742 INFO  [restartedMain] org.springframework.boot.devtools.env.DevToolsPropertyDefaultsPostProcessor:For additional web related logging consider setting the 'logging.level.web' property to 'DEBUG'
2022-08-08 00:49:47,615 INFO  [restartedMain] org.springframework.data.repository.config.RepositoryConfigurationDelegate:Bootstrapping Spring Data JPA repositories in DEFAULT mode.
2022-08-08 00:49:47,670 INFO  [restartedMain] org.springframework.data.repository.config.RepositoryConfigurationDelegate:Finished Spring Data repository scanning in 46 ms. Found 2 JPA repository interfaces.
2022-08-08 00:49:48,248 INFO  [restartedMain] org.springframework.boot.web.embedded.tomcat.TomcatWebServer:Tomcat initialized with port(s): 8080 (http)
2022-08-08 00:49:48,258 INFO  [restartedMain] org.apache.catalina.core.StandardService:Starting service [Tomcat]
2022-08-08 00:49:48,258 INFO  [restartedMain] org.apache.catalina.core.StandardEngine:Starting Servlet engine: [Apache Tomcat/9.0.65]
2022-08-08 00:49:48,311 INFO  [restartedMain] org.apache.catalina.core.ContainerBase.[Tomcat].[localhost].[/]:Initializing Spring embedded WebApplicationContext
2022-08-08 00:49:48,311 INFO  [restartedMain] org.springframework.boot.web.servlet.context.ServletWebServerApplicationContext:Root WebApplicationContext: initialization completed in 1569 ms
2022-08-08 00:49:48,544 INFO  [restartedMain] org.hibernate.jpa.internal.util.LogHelper:HHH000204: Processing PersistenceUnitInfo [name: default]
2022-08-08 00:49:48,615 INFO  [restartedMain] org.hibernate.Version:HHH000412: Hibernate ORM core version 5.6.10.Final
2022-08-08 00:49:48,858 INFO  [restartedMain] org.hibernate.annotations.common.Version:HCANN000001: Hibernate Commons Annotations {5.1.2.Final}
2022-08-08 00:49:48,936 INFO  [restartedMain] com.zaxxer.hikari.HikariDataSource:HikariPool-1 - Starting...
2022-08-08 00:49:49,046 INFO  [restartedMain] com.zaxxer.hikari.HikariDataSource:HikariPool-1 - Start completed.
2022-08-08 00:49:49,064 INFO  [restartedMain] org.hibernate.dialect.Dialect:HHH000400: Using dialect: org.hibernate.dialect.PostgreSQLDialect
2022-08-08 00:49:49,702 INFO  [restartedMain] org.hibernate.engine.transaction.jta.platform.internal.JtaPlatformInitiator:HHH000490: Using JtaPlatform implementation: [org.hibernate.engine.transaction.jta.platform.internal.NoJtaPlatform]
2022-08-08 00:49:49,712 INFO  [restartedMain] org.springframework.orm.jpa.LocalContainerEntityManagerFactoryBean:Initialized JPA EntityManagerFactory for persistence unit 'default'
2022-08-08 00:49:50,169 WARN  [restartedMain] org.springframework.boot.autoconfigure.orm.jpa.JpaBaseConfiguration$JpaWebConfiguration:spring.jpa.open-in-view is enabled by default. Therefore, database queries may be performed during view rendering. Explicitly configure spring.jpa.open-in-view to disable this warning
2022-08-08 00:49:50,251 DEBUG [restartedMain] com.creditapplication.security.jwt.AuthTokenFilter:Filter 'authJwtTokenFilter' configured for use
2022-08-08 00:49:50,518 INFO  [restartedMain] org.springframework.security.web.DefaultSecurityFilterChain:Will secure any request with [org.springframework.security.web.session.DisableEncodeUrlFilter@2cc8138f, org.springframework.security.web.context.request.async.WebAsyncManagerIntegrationFilter@4cd1ed95, org.springframework.security.web.context.SecurityContextPersistenceFilter@fa21a48, org.springframework.security.web.header.HeaderWriterFilter@3751f9e1, org.springframework.security.web.authentication.logout.LogoutFilter@4a70ef77, com.creditapplication.security.jwt.AuthTokenFilter@26b8e50f, org.springframework.security.web.savedrequest.RequestCacheAwareFilter@2195269, org.springframework.security.web.servletapi.SecurityContextHolderAwareRequestFilter@3f90ee03, org.springframework.security.web.authentication.AnonymousAuthenticationFilter@2f788602, org.springframework.security.web.session.SessionManagementFilter@412a14e1, org.springframework.security.web.access.ExceptionTranslationFilter@302545f4, org.springframework.security.web.access.intercept.FilterSecurityInterceptor@38fb5882]
2022-08-08 00:49:51,035 INFO  [restartedMain] org.springframework.boot.devtools.autoconfigure.OptionalLiveReloadServer:LiveReload server is running on port 35729
2022-08-08 00:49:51,041 INFO  [restartedMain] org.springframework.boot.actuate.endpoint.web.EndpointLinksResolver:Exposing 1 endpoint(s) beneath base path '/actuator'
2022-08-08 00:49:51,094 INFO  [restartedMain] org.springframework.boot.web.embedded.tomcat.TomcatWebServer:Tomcat started on port(s): 8080 (http) with context path ''
2022-08-08 00:49:51,108 INFO  [restartedMain] com.creditapplication.CreditApplicationSystemApplication:Started CreditApplicationSystemApplication in 4.787 seconds (JVM running for 5.39)
2022-08-08 00:49:51,432 INFO  [RMI TCP Connection(1)-127.0.0.1] org.apache.catalina.core.ContainerBase.[Tomcat].[localhost].[/]:Initializing Spring DispatcherServlet 'dispatcherServlet'
2022-08-08 00:49:51,432 INFO  [RMI TCP Connection(1)-127.0.0.1] org.springframework.web.servlet.DispatcherServlet:Initializing Servlet 'dispatcherServlet'
2022-08-08 00:49:51,433 INFO  [RMI TCP Connection(1)-127.0.0.1] org.springframework.web.servlet.DispatcherServlet:Completed initialization in 1 ms
2022-08-08 00:51:35,972 INFO  [SpringApplicationShutdownHook] org.springframework.orm.jpa.LocalContainerEntityManagerFactoryBean:Closing JPA EntityManagerFactory for persistence unit 'default'
2022-08-08 00:51:35,981 INFO  [SpringApplicationShutdownHook] com.zaxxer.hikari.HikariDataSource:HikariPool-1 - Shutdown initiated...
2022-08-08 00:51:35,983 INFO  [SpringApplicationShutdownHook] com.zaxxer.hikari.HikariDataSource:HikariPool-1 - Shutdown completed.
